{"name": "test_order_in_the_list_orders[firefox]", "status": "failed", "statusDetails": {"message": "AssertionError: assert '9999' in '#043666\\nСегодня, в 07:35 i-GMT+3\\nФлюоресцентный бургер\\n988\\n#043665\\nСегодня, в 07:33 i-GMT+3\\nФлюоресцентный бург...нтаго space био-марсианский флюоресцентный бургер\\n5892\\n#043617\\nСегодня, в 05:22 i-GMT+3\\nФлюоресцентный бургер\\n988'", "trace": "self = <test_order_feed.TestOrderFeed object at 0x000002710D290DA0>\ndriver = <selenium.webdriver.firefox.webdriver.WebDriver (session=\"39cbdfdb-1d41-4047-a620-6d2cf8a8de2f\")>\n\n    @allure.description('заказы пользователя из раздела «История заказов» '\n                        'отображаются на странице «Лента заказов»')\n    # в окне после создания заказа отображается №9999. Фактический номер заказа прогружается спустя время.\n    # это баг тестового окружения, падение тестов допускается и происходит во всех браузерах.\n    # чтобы обойти падение теста использовано запрещенное ожидание Timesleep.\n    def test_order_in_the_list_orders(self, driver):\n        counter = BasePage(driver)\n        counter.make_order(driver)\n        time.sleep(3)\n        counter_orders = driver.find_element(*Locators.ORDER_NUMBER).text\n        driver.find_element(*Locators.CLOSE).click()\n        driver.get(DataUrl.URL + DataUrl.ORDER_FEED)\n        WebDriverWait(driver, 5).until(\n            expected_conditions.visibility_of_element_located(Locators.ORDER_FEED_ALL))\n        order_feed = driver.find_element(*Locators.ORDER_FEED_ALL).text\n        driver.get(DataUrl.URL + DataUrl.ORDER_HISTORY)\n        counter.scroll_to_end_of_page()\n>       assert counter_orders in order_feed\nE       AssertionError: assert '9999' in '#043666\\nСегодня, в 07:35 i-GMT+3\\nФлюоресцентный бургер\\n988\\n#043665\\nСегодня, в 07:33 i-GMT+3\\nФлюоресцентный бург...нтаго space био-марсианский флюоресцентный бургер\\n5892\\n#043617\\nСегодня, в 05:22 i-GMT+3\\nФлюоресцентный бургер\\n988'\n\ntests\\test_order_feed.py:43: AssertionError"}, "description": "заказы пользователя из раздела «История заказов» отображаются на странице «Лента заказов»", "steps": [{"name": "метод создания заказа авторизованным пользователем", "status": "passed", "steps": [{"name": "метод авторизации пользователя", "status": "passed", "parameters": [{"name": "driver", "value": "<selenium.webdriver.firefox.webdriver.WebDriver (session=\"39cbdfdb-1d41-4047-a620-6d2cf8a8de2f\")>"}], "start": 1709742966466, "stop": 1709742969847}], "parameters": [{"name": "driver", "value": "<selenium.webdriver.firefox.webdriver.WebDriver (session=\"39cbdfdb-1d41-4047-a620-6d2cf8a8de2f\")>"}], "start": 1709742966466, "stop": 1709742971150}, {"name": "Скролл  страницы до конца страницы", "status": "passed", "start": 1709742976550, "stop": 1709742976553}], "parameters": [{"name": "driver", "value": "'firefox'"}], "start": 1709742966466, "stop": 1709742976561, "uuid": "80b69282-93ee-49ce-bd8f-0aa08a17f4eb", "historyId": "ff51191e1805a83af3d735c444a3ef8b", "testCaseId": "a6789d38d97f285cfe02e5d882fd449e", "fullName": "tests.test_order_feed.TestOrderFeed#test_order_in_the_list_orders", "labels": [{"name": "parentSuite", "value": "tests"}, {"name": "suite", "value": "test_order_feed"}, {"name": "subSuite", "value": "TestOrderFeed"}, {"name": "host", "value": "MSK-PC777"}, {"name": "thread", "value": "13536-MainThread"}, {"name": "framework", "value": "pytest"}, {"name": "language", "value": "cpython3"}, {"name": "package", "value": "tests.test_order_feed"}]}